c:\users\administrator\downloads\con-pack-cppproject-master\conpack\debug\vc140.pdb
c:\users\administrator\downloads\con-pack-cppproject-master\conpack\debug\vc140.idb
c:\users\administrator\downloads\con-pack-cppproject-master\conpack\debug\cons.obj
c:\users\administrator\downloads\con-pack-cppproject-master\conpack\debug\console.obj
c:\users\administrator\downloads\con-pack-cppproject-master\conpack\debug\enemy.obj
c:\users\administrator\downloads\con-pack-cppproject-master\conpack\debug\game.obj
c:\users\administrator\downloads\con-pack-cppproject-master\conpack\debug\player.obj
c:\users\administrator\downloads\con-pack-cppproject-master\conpack\debug\unit.obj
c:\users\administrator\downloads\con-pack-cppproject-master\conpack\debug\main.obj
c:\users\administrator\downloads\con-pack-cppproject-master\conpack\debug\map.obj
c:\users\administrator\downloads\con-pack-cppproject-master\conpack\debug\stage1.obj
c:\users\administrator\downloads\con-pack-cppproject-master\conpack\debug\conpack.ilk
c:\users\administrator\downloads\con-pack-cppproject-master\conpack\debug\conpack.exe
c:\users\administrator\downloads\con-pack-cppproject-master\conpack\debug\conpack.pdb
c:\users\administrator\downloads\con-pack-cppproject-master\conpack\debug\cons.obj.enc
c:\users\administrator\downloads\con-pack-cppproject-master\conpack\debug\conpack.tlog\cl.command.1.tlog
c:\users\administrator\downloads\con-pack-cppproject-master\conpack\debug\conpack.tlog\cl.read.1.tlog
c:\users\administrator\downloads\con-pack-cppproject-master\conpack\debug\conpack.tlog\cl.write.1.tlog
c:\users\administrator\downloads\con-pack-cppproject-master\conpack\debug\conpack.tlog\link.command.1.tlog
c:\users\administrator\downloads\con-pack-cppproject-master\conpack\debug\conpack.tlog\link.read.1.tlog
c:\users\administrator\downloads\con-pack-cppproject-master\conpack\debug\conpack.tlog\link.write.1.tlog
